Exiting with code=1
assert.js:*
  throw new AssertionError(obj);
  ^

AssertionError [ERR_ASSERTION]: Expected inputs to be strictly equal:

1 !== 2

   at Anonymous function (*test*message*error_exit.js:*:*)
   at Module.prototype._compile (internal/modules/cjs/loader.js:*:*)
   at Module._extensions[.js] (internal/modules/cjs/loader.js:*:*)
   at Module.prototype.load (internal/modules/cjs/loader.js:*:*)
   at tryModuleLoad (internal/modules/cjs/loader.js:*)
   at Module._load (internal/modules/cjs/loader.js:*:*)
   at Module.runMain (internal/modules/cjs/loader.js:*:*)
